[22:46:35] [Server thread/INFO]: Starting minecraft server version 1.8.8
[22:46:35] [Server thread/INFO]: Loading properties
[22:46:35] [Server thread/INFO]: Default game type: SURVIVAL
[22:46:35] [Server thread/INFO]: This server is running CraftBukkit version git-PaperSpigot-445 (MC: 1.8.8) (Implementing API version 1.8.8-R0.1-SNAPSHOT)
[22:46:35] [Server thread/INFO]: Debug logging is disabled
[22:46:35] [Server thread/INFO]: Spigot Timings: true - Verbose: true - Interval: 5m - Length: 60m
[22:46:35] [Server thread/INFO]: Server Ping Player Sample Count: 12

[22:46:35] [Server thread/INFO]: Using 4 threads for Netty based IO
[22:46:35] [Server thread/INFO]: Data value allowed items: 
[22:46:35] [Server thread/WARN]: java.lang.NoSuchFieldException: modifiers

[22:46:35] [Server thread/WARN]: 	at java.base/java.lang.Class.getDeclaredField(Class.java:2782)

[22:46:35] [Server thread/WARN]: 	at org.github.paperspigot.PaperSpigotConfig.stackableBuckets(PaperSpigotConfig.java:192)

[22:46:35] [Server thread/WARN]: 	at java.base/jdk.internal.reflect.DirectMethodHandleAccessor.invoke(DirectMethodHandleAccessor.java:103)

[22:46:35] [Server thread/WARN]: 	at java.base/java.lang.reflect.Method.invoke(Method.java:580)

[22:46:35] [Server thread/WARN]: 	at org.github.paperspigot.PaperSpigotConfig.readConfig(PaperSpigotConfig.java:84)

[22:46:35] [Server thread/WARN]: 	at org.github.paperspigot.PaperSpigotConfig.init(PaperSpigotConfig.java:62)

[22:46:35] [Server thread/WARN]: 	at net.minecraft.server.v1_8_R3.DedicatedServer.init(DedicatedServer.java:181)

[22:46:35] [Server thread/WARN]: 	at net.minecraft.server.v1_8_R3.MinecraftServer.run(MinecraftServer.java:563)

[22:46:35] [Server thread/WARN]: 	at java.base/java.lang.Thread.run(Thread.java:1583)

[22:46:35] [Server thread/INFO]: Generating keypair
[22:46:36] [Server thread/INFO]: Starting Minecraft server on localhost:25565
[22:46:36] [Server thread/INFO]: Your platform does not provide complete low-level API for accessing direct buffers reliably. Unless explicitly requested, heap buffer will always be preferred to avoid potential system unstability.
[22:46:36] [Server thread/INFO]: Using default channel type
[22:46:36] [Server thread/WARN]: **** SERVER IS RUNNING IN OFFLINE/INSECURE MODE!
[22:46:36] [Server thread/WARN]: The server will make no attempt to authenticate usernames. Beware.
[22:46:36] [Server thread/WARN]: Whilst this makes it possible to use BungeeCord, unless access to your server is properly restricted, it also opens up the ability for hackers to connect with any username they choose.
[22:46:36] [Server thread/WARN]: Please see http://www.spigotmc.org/wiki/firewall-guide/ for further information.
[22:46:36] [Server thread/WARN]: To change this, set "online-mode" to "true" in the server.properties file.
[22:46:36] [Server thread/INFO]: **** Beginning UUID conversion, this may take A LONG time ****
[22:46:36] [Server thread/INFO]: Preparing level "world"
[22:46:36] [Server thread/INFO]: -------- World Settings For [world] --------
[22:46:36] [Server thread/INFO]: Mob Spawn Range: 4
[22:46:36] [Server thread/INFO]: Anti X-Ray: true
[22:46:36] [Server thread/INFO]: 	Engine Mode: 1
[22:46:36] [Server thread/INFO]: 	Hidden Blocks: [14, 15, 16, 21, 48, 49, 54, 56, 73, 74, 82, 129, 130]
[22:46:36] [Server thread/INFO]: 	Replace Blocks: [1, 5]
[22:46:36] [Server thread/INFO]: Nerfing mobs spawned from spawners: false
[22:46:36] [Server thread/INFO]: Cactus Growth Modifier: 100%
[22:46:36] [Server thread/INFO]: Cane Growth Modifier: 100%
[22:46:36] [Server thread/INFO]: Melon Growth Modifier: 100%
[22:46:36] [Server thread/INFO]: Mushroom Growth Modifier: 100%
[22:46:36] [Server thread/INFO]: Pumpkin Growth Modifier: 100%
[22:46:36] [Server thread/INFO]: Sapling Growth Modifier: 100%
[22:46:36] [Server thread/INFO]: Wheat Growth Modifier: 100%
[22:46:36] [Server thread/INFO]: NetherWart Growth Modifier: 100%
[22:46:36] [Server thread/INFO]: Entity Activation Range: An 32 / Mo 32 / Mi 16
[22:46:36] [Server thread/INFO]: Entity Tracking Range: Pl 48 / An 48 / Mo 48 / Mi 32 / Other 64
[22:46:36] [Server thread/INFO]: Hopper Transfer: 8 Hopper Check: 8 Hopper Amount: 1
[22:46:36] [Server thread/INFO]: Random Lighting Updates: false
[22:46:36] [Server thread/INFO]: Structure Info Saving: true
[22:46:36] [Server thread/INFO]: Sending up to 10 chunks per packet
[22:46:36] [Server thread/INFO]: Max Entity Collisions: 8
[22:46:36] [Server thread/INFO]: Custom Map Seeds:  Village: 10387312 Feature: 14357617
[22:46:36] [Server thread/INFO]: Max TNT Explosions: 100
[22:46:36] [Server thread/INFO]: Tile Max Tick Time: 50ms Entity max Tick Time: 50ms
[22:46:36] [Server thread/INFO]: Item Despawn Rate: 6000
[22:46:36] [Server thread/INFO]: Item Merge Radius: 2.5
[22:46:36] [Server thread/INFO]: Arrow Despawn Rate: 1200
[22:46:36] [Server thread/INFO]: Allow Zombie Pigmen to spawn from portal blocks: true
[22:46:36] [Server thread/INFO]: View Distance: 4
[22:46:36] [Server thread/INFO]: Zombie Aggressive Towards Villager: true
[22:46:36] [Server thread/INFO]: Chunks to Grow per Tick: 650
[22:46:36] [Server thread/INFO]: Clear tick list: false
[22:46:36] [Server thread/INFO]: Experience Merge Radius: 3.0
[22:46:36] [Server thread/INFO]: -------- World Settings For [world] --------
[22:46:36] [Server thread/INFO]: Player blocking damage multiplier set to 0.5
[22:46:36] [Server thread/INFO]: Living Entity Despawn Ranges:  Soft: 32 Hard: 128
[22:46:36] [Server thread/INFO]: Squids will spawn between Y: 45.0 and Y: 63.0
[22:46:36] [Server thread/INFO]: Max height for cactus growth 3. Max height for reed growth 3
[22:46:36] [Server thread/INFO]: Remove invalid mob spawner tile entities: true
[22:46:36] [Server thread/INFO]: Fix TNT cannons: false
[22:46:36] [Server thread/INFO]: Water over lava flow speed: 5
[22:46:36] [Server thread/INFO]: Allow undead horse types to be leashed: false
[22:46:36] [Server thread/INFO]: Keep spawn chunk loaded: true
[22:46:36] [Server thread/INFO]: World async lighting: false
[22:46:36] [Server thread/INFO]: WorldServer TickNextTick cap set at 10000
[22:46:36] [Server thread/INFO]: WorldServer TickNextTickList cap always processes redstone: false
[22:46:36] [Server thread/INFO]: -------- World Settings For [world_nether] --------
[22:46:36] [Server thread/INFO]: Mob Spawn Range: 4
[22:46:36] [Server thread/INFO]: Anti X-Ray: true
[22:46:36] [Server thread/INFO]: 	Engine Mode: 1
[22:46:36] [Server thread/INFO]: 	Hidden Blocks: [14, 15, 16, 21, 48, 49, 54, 56, 73, 74, 82, 129, 130]
[22:46:36] [Server thread/INFO]: 	Replace Blocks: [1, 5]
[22:46:36] [Server thread/INFO]: Nerfing mobs spawned from spawners: false
[22:46:36] [Server thread/INFO]: Cactus Growth Modifier: 100%
[22:46:36] [Server thread/INFO]: Cane Growth Modifier: 100%
[22:46:36] [Server thread/INFO]: Melon Growth Modifier: 100%
[22:46:36] [Server thread/INFO]: Mushroom Growth Modifier: 100%
[22:46:36] [Server thread/INFO]: Pumpkin Growth Modifier: 100%
[22:46:36] [Server thread/INFO]: Sapling Growth Modifier: 100%
[22:46:36] [Server thread/INFO]: Wheat Growth Modifier: 100%
[22:46:36] [Server thread/INFO]: NetherWart Growth Modifier: 100%
[22:46:36] [Server thread/INFO]: Entity Activation Range: An 32 / Mo 32 / Mi 16
[22:46:36] [Server thread/INFO]: Entity Tracking Range: Pl 48 / An 48 / Mo 48 / Mi 32 / Other 64
[22:46:36] [Server thread/INFO]: Hopper Transfer: 8 Hopper Check: 8 Hopper Amount: 1
[22:46:36] [Server thread/INFO]: Random Lighting Updates: false
[22:46:36] [Server thread/INFO]: Structure Info Saving: true
[22:46:36] [Server thread/INFO]: Sending up to 10 chunks per packet
[22:46:36] [Server thread/INFO]: Max Entity Collisions: 8
[22:46:36] [Server thread/INFO]: Custom Map Seeds:  Village: 10387312 Feature: 14357617
[22:46:36] [Server thread/INFO]: Max TNT Explosions: 100
[22:46:36] [Server thread/INFO]: Tile Max Tick Time: 50ms Entity max Tick Time: 50ms
[22:46:36] [Server thread/INFO]: Item Despawn Rate: 6000
[22:46:36] [Server thread/INFO]: Item Merge Radius: 2.5
[22:46:36] [Server thread/INFO]: Arrow Despawn Rate: 1200
[22:46:36] [Server thread/INFO]: Allow Zombie Pigmen to spawn from portal blocks: true
[22:46:36] [Server thread/INFO]: View Distance: 4
[22:46:36] [Server thread/INFO]: Zombie Aggressive Towards Villager: true
[22:46:36] [Server thread/INFO]: Chunks to Grow per Tick: 650
[22:46:36] [Server thread/INFO]: Clear tick list: false
[22:46:36] [Server thread/INFO]: Experience Merge Radius: 3.0
[22:46:36] [Server thread/INFO]: -------- World Settings For [world_nether] --------
[22:46:36] [Server thread/INFO]: Player blocking damage multiplier set to 0.5
[22:46:36] [Server thread/INFO]: Living Entity Despawn Ranges:  Soft: 32 Hard: 128
[22:46:36] [Server thread/INFO]: Squids will spawn between Y: 45.0 and Y: 63.0
[22:46:36] [Server thread/INFO]: Max height for cactus growth 3. Max height for reed growth 3
[22:46:36] [Server thread/INFO]: Remove invalid mob spawner tile entities: true
[22:46:36] [Server thread/INFO]: Fix TNT cannons: false
[22:46:36] [Server thread/INFO]: Water over lava flow speed: 5
[22:46:36] [Server thread/INFO]: Allow undead horse types to be leashed: false
[22:46:36] [Server thread/INFO]: Keep spawn chunk loaded: true
[22:46:36] [Server thread/INFO]: World async lighting: false
[22:46:36] [Server thread/INFO]: WorldServer TickNextTick cap set at 10000
[22:46:36] [Server thread/INFO]: WorldServer TickNextTickList cap always processes redstone: false
[22:46:36] [Server thread/INFO]: -------- World Settings For [world_the_end] --------
[22:46:36] [Server thread/INFO]: Mob Spawn Range: 4
[22:46:36] [Server thread/INFO]: Anti X-Ray: true
[22:46:36] [Server thread/INFO]: 	Engine Mode: 1
[22:46:36] [Server thread/INFO]: 	Hidden Blocks: [14, 15, 16, 21, 48, 49, 54, 56, 73, 74, 82, 129, 130]
[22:46:36] [Server thread/INFO]: 	Replace Blocks: [1, 5]
[22:46:36] [Server thread/INFO]: Nerfing mobs spawned from spawners: false
[22:46:36] [Server thread/INFO]: Cactus Growth Modifier: 100%
[22:46:36] [Server thread/INFO]: Cane Growth Modifier: 100%
[22:46:36] [Server thread/INFO]: Melon Growth Modifier: 100%
[22:46:36] [Server thread/INFO]: Mushroom Growth Modifier: 100%
[22:46:36] [Server thread/INFO]: Pumpkin Growth Modifier: 100%
[22:46:36] [Server thread/INFO]: Sapling Growth Modifier: 100%
[22:46:36] [Server thread/INFO]: Wheat Growth Modifier: 100%
[22:46:36] [Server thread/INFO]: NetherWart Growth Modifier: 100%
[22:46:36] [Server thread/INFO]: Entity Activation Range: An 32 / Mo 32 / Mi 16
[22:46:36] [Server thread/INFO]: Entity Tracking Range: Pl 48 / An 48 / Mo 48 / Mi 32 / Other 64
[22:46:36] [Server thread/INFO]: Hopper Transfer: 8 Hopper Check: 8 Hopper Amount: 1
[22:46:36] [Server thread/INFO]: Random Lighting Updates: false
[22:46:36] [Server thread/INFO]: Structure Info Saving: true
[22:46:36] [Server thread/INFO]: Sending up to 10 chunks per packet
[22:46:36] [Server thread/INFO]: Max Entity Collisions: 8
[22:46:36] [Server thread/INFO]: Custom Map Seeds:  Village: 10387312 Feature: 14357617
[22:46:36] [Server thread/INFO]: Max TNT Explosions: 100
[22:46:36] [Server thread/INFO]: Tile Max Tick Time: 50ms Entity max Tick Time: 50ms
[22:46:36] [Server thread/INFO]: Item Despawn Rate: 6000
[22:46:36] [Server thread/INFO]: Item Merge Radius: 2.5
[22:46:36] [Server thread/INFO]: Arrow Despawn Rate: 1200
[22:46:36] [Server thread/INFO]: Allow Zombie Pigmen to spawn from portal blocks: true
[22:46:36] [Server thread/INFO]: View Distance: 4
[22:46:36] [Server thread/INFO]: Zombie Aggressive Towards Villager: true
[22:46:36] [Server thread/INFO]: Chunks to Grow per Tick: 650
[22:46:36] [Server thread/INFO]: Clear tick list: false
[22:46:36] [Server thread/INFO]: Experience Merge Radius: 3.0
[22:46:36] [Server thread/INFO]: -------- World Settings For [world_the_end] --------
[22:46:36] [Server thread/INFO]: Player blocking damage multiplier set to 0.5
[22:46:36] [Server thread/INFO]: Living Entity Despawn Ranges:  Soft: 32 Hard: 128
[22:46:36] [Server thread/INFO]: Squids will spawn between Y: 45.0 and Y: 63.0
[22:46:36] [Server thread/INFO]: Max height for cactus growth 3. Max height for reed growth 3
[22:46:36] [Server thread/INFO]: Remove invalid mob spawner tile entities: true
[22:46:36] [Server thread/INFO]: Fix TNT cannons: false
[22:46:36] [Server thread/INFO]: Water over lava flow speed: 5
[22:46:36] [Server thread/INFO]: Allow undead horse types to be leashed: false
[22:46:36] [Server thread/INFO]: Keep spawn chunk loaded: true
[22:46:36] [Server thread/INFO]: World async lighting: false
[22:46:36] [Server thread/INFO]: WorldServer TickNextTick cap set at 10000
[22:46:36] [Server thread/INFO]: WorldServer TickNextTickList cap always processes redstone: false
[22:46:36] [Server thread/INFO]: Preparing start region for level 0 (Seed: 4836461686104293424)
[22:46:37] [Server thread/INFO]: Preparing spawn area: 62%
[22:46:38] [Server thread/INFO]: Preparing start region for level 1 (Seed: 4836461686104293424)
[22:46:39] [Server thread/INFO]: Preparing spawn area: 55%
[22:46:39] [Server thread/INFO]: Preparing start region for level 2 (Seed: 4836461686104293424)
[22:46:40] [Server thread/INFO]: Server permissions file permissions.yml is empty, ignoring it
[22:46:40] [Server thread/INFO]: Done (3.774s)! For help, type "help" or "?"
[22:46:40] [Server thread/INFO]: Timings Reset
[22:50:49] [Thread-5/INFO]: UUID of player YeeishYeer801 is 5fa545bf-f365-325b-9e25-d56e6edba283
[22:50:50] [Server thread/INFO]: YeeishYeer801[/[0:0:0:0:0:0:0:1]:41958] logged in with entity id 257 at ([world]215.5, 78.0, 215.5)
[22:53:49] [Server thread/INFO]: YeeishYeer801 lost connection: Disconnected
[22:53:49] [Server thread/INFO]: YeeishYeer801 left the game.
[22:56:40] [Thread-6/INFO]: UUID of player YeeishYeer801 is 5fa545bf-f365-325b-9e25-d56e6edba283
[22:56:40] [Server thread/INFO]: YeeishYeer801[/[0:0:0:0:0:0:0:1]:46814] logged in with entity id 654 at ([world]215.5, 78.0, 215.5)
[22:57:19] [Server thread/INFO]: YeeishYeer801 has just earned the achievement [Taking Inventory]
[22:57:44] [Server thread/INFO]: YeeishYeer801 lost connection: Disconnected
[22:57:44] [Server thread/INFO]: YeeishYeer801 left the game.
[23:02:48] [Thread-7/INFO]: UUID of player thatman_225 is 94e3f3fe-9caf-3e82-a93f-91f04617dff1
[23:02:48] [Server thread/INFO]: thatman_225[/[0:0:0:0:0:0:0:1]:36214] logged in with entity id 700 at ([world]231.5, 72.0, 217.5)
[23:03:23] [Server thread/INFO]: thatman_225 lost connection: Disconnected
[23:03:23] [Server thread/INFO]: thatman_225 left the game.
