[22:47:15] [main/INFO]: Using mbed TLS based native cipher.
[22:47:15] [main/INFO]: Using zlib based native compressor.
[22:47:15] [main/INFO]: Enabled Waterfall version git:Waterfall-Bootstrap:1.19-R0.1-SNAPSHOT:f6069e2:513
[22:47:15] [main/INFO]: Not on Windows, attempting to use enhanced EpollEventLoop
[22:47:15] [main/INFO]: Epoll is working, utilising it!
[22:47:15] [main/INFO]: Discovered module: ModuleSpec(name=cmd_alert, file=modules/cmd_alert.jar, provider=JenkinsModuleSource())
[22:47:15] [main/INFO]: Discovered module: ModuleSpec(name=cmd_find, file=modules/cmd_find.jar, provider=JenkinsModuleSource())
[22:47:15] [main/INFO]: Discovered module: ModuleSpec(name=cmd_list, file=modules/cmd_list.jar, provider=JenkinsModuleSource())
[22:47:15] [main/INFO]: Discovered module: ModuleSpec(name=cmd_send, file=modules/cmd_send.jar, provider=JenkinsModuleSource())
[22:47:15] [main/INFO]: Discovered module: ModuleSpec(name=cmd_server, file=modules/cmd_server.jar, provider=JenkinsModuleSource())
[22:47:15] [main/INFO]: Discovered module: ModuleSpec(name=reconnect_yaml, file=modules/reconnect_yaml.jar, provider=JenkinsModuleSource())
[22:47:15] [main/INFO]: Loaded plugin reconnect_yaml version git:reconnect_yaml:1.19-R0.1-SNAPSHOT:f6069e2:513 by WaterfallMC
[22:47:15] [main/INFO]: Loaded plugin cmd_find version git:cmd_find:1.19-R0.1-SNAPSHOT:f6069e2:513 by WaterfallMC
[22:47:15] [main/INFO]: Loaded plugin cmd_server version git:cmd_server:1.19-R0.1-SNAPSHOT:f6069e2:513 by WaterfallMC
[22:47:15] [main/INFO]: Loaded plugin cmd_alert version git:cmd_alert:1.19-R0.1-SNAPSHOT:f6069e2:513 by WaterfallMC
[22:47:15] [main/INFO]: Loaded plugin cmd_send version git:cmd_send:1.19-R0.1-SNAPSHOT:f6069e2:513 by WaterfallMC
[22:47:15] [main/INFO]: Loaded plugin cmd_list version git:cmd_list:1.19-R0.1-SNAPSHOT:f6069e2:513 by WaterfallMC
[22:47:15] [main/WARN]: :>:>:>:>:>:>:>:>:>:>:>:>:>:>:>:>:>:>:>:>:>:>:>
[22:47:15] [main/WARN]: :>  
[22:47:15] [main/WARN]: :>      EAGLERCRAFTXBUNGEE WARNING:
[22:47:15] [main/WARN]: :>  
[22:47:15] [main/WARN]: :>  This plugin wasn't tested to be 'working'
[22:47:15] [main/WARN]: :>  with ANY version of BungeeCord (and forks)
[22:47:15] [main/WARN]: :>  apart from the versions listed below:
[22:47:15] [main/WARN]: :>  
[22:47:15] [main/WARN]: :>  - BungeeCord: 1.20-R0.2-SNAPSHOT:231024b:1777
[22:47:15] [main/WARN]: :>  - Waterfall: 1.20-R0.2-SNAPSHOT:d85fe36:556
[22:47:15] [main/WARN]: :>  - FlameCord: 1.1.1
[22:47:15] [main/WARN]: :>  
[22:47:15] [main/WARN]: :>  This is not a Bukkit/Spigot plugin!
[22:47:15] [main/WARN]: :>  
[22:47:15] [main/WARN]: :>  Use "-Deaglerxbungee.stfu=true" to hide
[22:47:15] [main/WARN]: :>  
[22:47:15] [main/WARN]: :>:>:>:>:>:>:>:>:>:>:>:>:>:>:>:>:>:>:>:>:>:>:>
[22:47:15] [main/INFO] [EaglercraftXBungee]: Loading vanilla profile: lax1dude
[22:47:17] [Skin Download Thread #1/INFO] [EaglercraftXBungee]: Loaded vanilla profile: lax1dude
[22:47:17] [main/INFO]: Loaded plugin EaglercraftXBungee version 1.0.9 by lax1dude
[22:47:17] [main/WARN]: Forced host server pvp is not defined
[22:47:17] [main/INFO]: Enabled plugin reconnect_yaml version git:reconnect_yaml:1.19-R0.1-SNAPSHOT:f6069e2:513 by WaterfallMC
[22:47:17] [main/INFO]: Enabled plugin cmd_find version git:cmd_find:1.19-R0.1-SNAPSHOT:f6069e2:513 by WaterfallMC
[22:47:17] [main/INFO]: Enabled plugin cmd_server version git:cmd_server:1.19-R0.1-SNAPSHOT:f6069e2:513 by WaterfallMC
[22:47:17] [main/INFO]: Enabled plugin cmd_alert version git:cmd_alert:1.19-R0.1-SNAPSHOT:f6069e2:513 by WaterfallMC
[22:47:17] [main/INFO]: Enabled plugin cmd_send version git:cmd_send:1.19-R0.1-SNAPSHOT:f6069e2:513 by WaterfallMC
[22:47:17] [main/INFO]: Enabled plugin cmd_list version git:cmd_list:1.19-R0.1-SNAPSHOT:f6069e2:513 by WaterfallMC
[22:47:17] [main/ERROR] [EaglercraftXBungee]: Online mode is set to false! Authentication system has been disabled
[22:47:17] [Netty Worker IO Thread #0/INFO] [EaglercraftXBungee]: Eaglercraft is listening on: /0.0.0.0:8081
[22:47:17] [main/INFO] [EaglercraftXBungee]: Connected to database: jdbc:sqlite:eaglercraft_skins_cache.db
[22:47:17] [main/INFO]: Enabled plugin EaglercraftXBungee version 1.0.9 by lax1dude
[22:47:17] [Netty Boss IO Thread #0/INFO]: Listening on /127.0.0.1:25577
[22:50:27] [Netty Worker IO Thread #3/WARN] [EaglercraftXBungee]: Server icon is not a file: /workspaces/thatmann225/bungee/server-icon.png
[22:50:49] [Netty Worker IO Thread #0/INFO] [EaglercraftXBungee]: [/[0:0:0:0:0:0:0:1%0]:59096]: Connected via websocket
[22:50:49] [Netty Worker IO Thread #0/INFO] [EaglercraftXBungee]: [/[0:0:0:0:0:0:0:1%0]:59096]: Origin header is https://localhost:8081
[22:50:49] [Netty Worker IO Thread #0/INFO] [EaglercraftXBungee]: [/[0:0:0:0:0:0:0:1%0]:59096]: Logged in as 'YeeishYeer801'
[22:50:49] [Netty Worker IO Thread #0/INFO]: [/[0:0:0:0:0:0:0:1%0]:59096|YeeishYeer801] -> UpstreamBridge has connected
[22:50:49] [Netty Worker IO Thread #0/INFO]: [YeeishYeer801|/[0:0:0:0:0:0:0:1%0]:59096] <-> ServerConnector [lobby] has connected
[22:53:49] [Netty Worker IO Thread #0/INFO]: [/[0:0:0:0:0:0:0:1%0]:59096|YeeishYeer801] -> UpstreamBridge has disconnected
[22:53:49] [Netty Worker IO Thread #0/INFO]: [YeeishYeer801] disconnected with: Proxy lost connection to server.
[22:53:49] [Netty Worker IO Thread #0/INFO]: [/[0:0:0:0:0:0:0:1%0]:59096|YeeishYeer801] <-> DownstreamBridge <-> [lobby] has disconnected
[22:56:39] [Netty Worker IO Thread #2/INFO] [EaglercraftXBungee]: [/[0:0:0:0:0:0:0:1%0]:38494]: Connected via websocket
[22:56:39] [Netty Worker IO Thread #2/INFO] [EaglercraftXBungee]: [/[0:0:0:0:0:0:0:1%0]:38494]: Origin header is https://localhost:8081
[22:56:40] [Netty Worker IO Thread #2/INFO] [EaglercraftXBungee]: [/[0:0:0:0:0:0:0:1%0]:38494]: Logged in as 'YeeishYeer801'
[22:56:40] [Netty Worker IO Thread #2/INFO]: [/[0:0:0:0:0:0:0:1%0]:38494|YeeishYeer801] -> UpstreamBridge has connected
[22:56:40] [Netty Worker IO Thread #2/INFO]: [YeeishYeer801|/[0:0:0:0:0:0:0:1%0]:38494] <-> ServerConnector [lobby] has connected
[22:57:43] [Netty Worker IO Thread #2/INFO]: [/[0:0:0:0:0:0:0:1%0]:38494|YeeishYeer801] -> UpstreamBridge has disconnected
[22:57:43] [Netty Worker IO Thread #2/INFO]: [YeeishYeer801] disconnected with: Proxy lost connection to server.
[22:57:43] [Netty Worker IO Thread #2/INFO]: [/[0:0:0:0:0:0:0:1%0]:38494|YeeishYeer801] <-> DownstreamBridge <-> [lobby] has disconnected
[23:02:47] [Netty Worker IO Thread #1/INFO] [EaglercraftXBungee]: [/[0:0:0:0:0:0:0:1%0]:58580]: Connected via websocket
[23:02:47] [Netty Worker IO Thread #1/INFO] [EaglercraftXBungee]: [/[0:0:0:0:0:0:0:1%0]:58580]: Origin header is https://localhost:8081
[23:02:48] [Netty Worker IO Thread #1/INFO] [EaglercraftXBungee]: [/[0:0:0:0:0:0:0:1%0]:58580]: Logged in as 'thatman_225'
[23:02:48] [Netty Worker IO Thread #1/INFO]: [/[0:0:0:0:0:0:0:1%0]:58580|thatman_225] -> UpstreamBridge has connected
[23:02:48] [Netty Worker IO Thread #1/INFO]: [thatman_225|/[0:0:0:0:0:0:0:1%0]:58580] <-> ServerConnector [lobby] has connected
[23:03:23] [Netty Worker IO Thread #1/INFO]: [/[0:0:0:0:0:0:0:1%0]:58580|thatman_225] -> UpstreamBridge has disconnected
[23:03:23] [Netty Worker IO Thread #1/INFO]: [thatman_225] disconnected with: Proxy lost connection to server.
[23:03:23] [Netty Worker IO Thread #1/INFO]: [/[0:0:0:0:0:0:0:1%0]:58580|thatman_225] <-> DownstreamBridge <-> [lobby] has disconnected
